<?xml version="1.0" encoding="UTF-8"?>
<testng-results skipped="0" failed="0" ignored="0" total="1" passed="1">
  <reporter-output>
  </reporter-output>
  <suite name="Default suite" duration-ms="2871" started-at="2020-01-06T02:31:17Z" finished-at="2020-01-06T02:31:20Z">
    <groups>
    </groups>
    <test name="Default test" duration-ms="2871" started-at="2020-01-06T02:31:17Z" finished-at="2020-01-06T02:31:20Z">
      <class name="com.livevox.clientRateCalcualtaion.CallerIdTest">
        <test-method status="PASS" signature="login()[pri:0, instance:com.livevox.clientRateCalcualtaion.CallerIdTest@1bce4f0a]" name="login" is-config="true" duration-ms="3485" started-at="2020-01-06T08:01:14Z" finished-at="2020-01-06T08:01:17Z">
          <reporter-output>
          </reporter-output>
        </test-method> <!-- login -->
        <test-method status="PASS" signature="getSkillDetails()[pri:0, instance:com.livevox.clientRateCalcualtaion.CallerIdTest@1bce4f0a]" name="getSkillDetails" duration-ms="2773" started-at="2020-01-06T08:01:18Z" finished-at="2020-01-06T08:01:20Z">
          <reporter-output>
          </reporter-output>
        </test-method> <!-- getSkillDetails -->
      </class> <!-- com.livevox.clientRateCalcualtaion.CallerIdTest -->
    </test> <!-- Default test -->
  </suite> <!-- Default suite -->
</testng-results>
